Arguments: 
  C:\Program Files\nodejs\node.exe C:\Users\Kim\AppData\Roaming\npm\node_modules\yarn\bin\yarn.js add react-navigation-stack

PATH: 
  C:\WINDOWS\system32;C:\WINDOWS;C:\WINDOWS\System32\Wbem;C:\WINDOWS\System32\WindowsPowerShell\v1.0\;C:\WINDOWS\System32\OpenSSH\;C:\Program Files\Git\cmd;C:\Program Files\nodejs\;C:\Users\Kim\AppData\Local\Programs\Python\Python39\Scripts\;C:\Users\Kim\AppData\Local\Programs\Python\Python39\;C:\Users\Kim\AppData\Local\Microsoft\WindowsApps;;C:\Users\Kim\AppData\Local\Programs\Microsoft VS Code\bin;C:\Program Files\heroku\bin;C:\Users\Kim\AppData\Roaming\npm

Yarn version: 
  1.22.11

Node version: 
  12.14.1

Platform: 
  win32 x64

Trace: 
  Error: read ECONNRESET
      at TLSWrap.onStreamRead (internal/stream_base_commons.js:200:27)

npm manifest: 
  {
    "main": "node_modules/expo/AppEntry.js",
    "scripts": {
      "start": "expo start",
      "android": "expo start --android",
      "ios": "expo start --ios",
      "web": "expo start --web",
      "eject": "expo eject"
    },
    "dependencies": {
      "expo": "^39.0.5",
      "expo-status-bar": "~1.0.4",
      "firebase": "7.9.0",
      "native-base": "^2.15.2",
      "react": "^16.14.0",
      "react-dom": "^16.14.0",
      "react-native": "https://github.com/expo/react-native/archive/sdk-39.0.4.tar.gz",
      "react-native-gesture-handler": "~1.10.2",
      "react-native-keyboard-aware-scroll-view": "^0.9.4",
      "react-native-reanimated": "~2.2.0",
      "react-native-web": "^0.17.5",
      "react-navigation": "^4.4.4"
    },
    "devDependencies": {
      "@babel/core": "^7.15.8"
    },
    "private": true
  }

yarn manifest: 
  No manifest

Lockfile: 
  No lockfile
